<?xml version="1.0" encoding="UTF-8"?>
<!-- Generated by org.testng.reporters.JUnitXMLReporter -->
<testsuite ignored="0" hostname="LIN-5CG11526S5" failures="0" tests="3" name="Default test" time="51.165" errors="0" timestamp="2024-10-09T20:35:12 IST">
  <testcase classname="com.sky.testcases.ChangeMOPvsIBAN" name="ChangeMOP" time="27.132"/>
  <testcase classname="com.sky.testcases.ChangeMOPvsIBAN" name="Entercontract" time="2.647"/>
  <testcase classname="com.sky.testcases.ChangeMOPvsIBAN" name="clickchangeMOP" time="13.846"/>
</testsuite> <!-- Default test -->
