<?xml version="1.0" encoding="UTF-8"?>
<!-- Generated by org.testng.reporters.JUnitXMLReporter -->
<testsuite ignored="0" hostname="LIN-5CG11526S5" failures="1" tests="1" name="Test" time="8.485" errors="0" timestamp="2024-10-09T15:01:09 IST">
  <testcase classname="com.sky.testcases.LoginTestDataDrivenTesting" name="VerifyLogin" time="2.089">
    <failure type="org.testng.internal.reflect.MethodMatcherException" message="
[public void com.sky.testcases.LoginTestDataDrivenTesting.VerifyLogin(java.lang.String,java.lang.String) throws java.lang.Throwable] has no parameters defined but was found to be using a data provider (either explicitly specified or inherited from class level annotation).
Data provider mismatch
Method: VerifyLogin([Parameter{index=0, type=java.lang.String, declaredAnnotations=[]}, Parameter{index=1, type=java.lang.String, declaredAnnotations=[]}])
Arguments: [(java.lang.String) madhava.aravind.capgemini@bbhit.com,(java.lang.String) Aravind012@!,(java.lang.String) ]">
      <![CDATA[org.testng.internal.reflect.MethodMatcherException: 
[public void com.sky.testcases.LoginTestDataDrivenTesting.VerifyLogin(java.lang.String,java.lang.String) throws java.lang.Throwable] has no parameters defined but was found to be using a data provider (either explicitly specified or inherited from class level annotation).
Data provider mismatch
Method: VerifyLogin([Parameter{index=0, type=java.lang.String, declaredAnnotations=[]}, Parameter{index=1, type=java.lang.String, declaredAnnotations=[]}])
Arguments: [(java.lang.String) madhava.aravind.capgemini@bbhit.com,(java.lang.String) Aravind012@!,(java.lang.String) ]
at java.base/java.util.ArrayList.forEach(ArrayList.java:1511)
... Removed 22 stack frames]]>
    </failure>
  </testcase> <!-- VerifyLogin -->
</testsuite> <!-- Test -->
